<?xml version="1.0" encoding="UTF-8"?>
<!-- Generated by org.testng.reporters.JUnitReportReporter -->
<testsuite hostname="DESKTOP-0NISBQS" failures="0" tests="22" name="testExecutions.individualchat" time="149.639" errors="0" timestamp="2020-09-07T15:27:14 IST" skipped="7">
  <testcase classname="testExecutions.individualchat" name="sendtxt" time="4.244"/>
  <system-out/>
  <testcase classname="testExecutions.individualchat" name="timermsg" time="10.315"/>
  <system-out/>
  <testcase classname="testExecutions.individualchat" name="send_imges" time="9.987"/>
  <system-out/>
  <testcase classname="testExecutions.individualchat" name="send_documents" time="6.624"/>
  <system-out/>
  <testcase classname="testExecutions.individualchat" name="send_videos" time="9.904"/>
  <system-out/>
  <testcase classname="testExecutions.individualchat" name="send_audios" time="10.049"/>
  <system-out/>
  <testcase classname="testExecutions.individualchat" name="send_currentlocation" time="17.221"/>
  <system-out/>
  <testcase classname="testExecutions.individualchat" name="send_cameraphoto" time="11.218"/>
  <system-out/>
  <testcase classname="testExecutions.individualchat" name="record_audio" time="7.975"/>
  <system-out/>
  <testcase classname="testExecutions.individualchat" name="reply_message" time="10.218"/>
  <system-out/>
  <testcase classname="testExecutions.individualchat" name="forward_message" time="9.975"/>
  <system-out/>
  <testcase classname="testExecutions.individualchat" name="voice_call" time="4.320"/>
  <system-out/>
  <testcase classname="testExecutions.individualchat" name="video_call" time="5.034"/>
  <system-out/>
  <testcase classname="testExecutions.individualchat" name="mute_contact" time="11.700"/>
  <system-out/>
  <testcase classname="testExecutions.individualchat" name="clear_contact" time="20.855"/>
  <system-out/>
  <testcase classname="testExecutions.individualchat" name="unblock_user">
    <skipped/>
  </testcase> <!-- unblock_user -->
  <system-out/>
  <testcase classname="testExecutions.individualchat" name="delete_contact">
    <skipped/>
  </testcase> <!-- delete_contact -->
  <system-out/>
  <testcase classname="testExecutions.individualchat" name="favorite_user">
    <skipped/>
  </testcase> <!-- favorite_user -->
  <system-out/>
  <testcase classname="testExecutions.individualchat" name="unfavorite_user">
    <skipped/>
  </testcase> <!-- unfavorite_user -->
  <system-out/>
  <testcase classname="testExecutions.individualchat" name="change_pin">
    <skipped/>
  </testcase> <!-- change_pin -->
  <system-out/>
  <testcase classname="testExecutions.individualchat" name="send_differentlocation">
    <skipped/>
  </testcase> <!-- send_differentlocation -->
  <system-out/>
  <testcase classname="testExecutions.individualchat" name="block_user">
    <skipped/>
  </testcase> <!-- block_user -->
  <system-out/>
</testsuite> <!-- testExecutions.individualchat -->
